Sun Oct 10 18:15:43 CEST 2021 Thread[main,5,main] Cleanup action starting
java.sql.SQLException: No se ha encontrado la base de datos 'ejemplo'.
	at org.apache.derby.impl.jdbc.SQLExceptionFactory.getSQLException(Unknown Source)
	at org.apache.derby.impl.jdbc.SQLExceptionFactory.getSQLException(Unknown Source)
	at org.apache.derby.impl.jdbc.Util.generateCsSQLException(Unknown Source)
	at org.apache.derby.impl.jdbc.Util.generateCsSQLException(Unknown Source)
	at org.apache.derby.impl.jdbc.EmbedConnection.newSQLException(Unknown Source)
	at org.apache.derby.impl.jdbc.EmbedConnection.handleDBNotFound(Unknown Source)
	at org.apache.derby.impl.jdbc.EmbedConnection.<init>(Unknown Source)
	at org.apache.derby.jdbc.InternalDriver$1.run(Unknown Source)
	at org.apache.derby.jdbc.InternalDriver$1.run(Unknown Source)
	at java.base/java.security.AccessController.doPrivileged(AccessController.java:554)
	at org.apache.derby.jdbc.InternalDriver.getNewEmbedConnection(Unknown Source)
	at org.apache.derby.jdbc.InternalDriver.connect(Unknown Source)
	at org.apache.derby.jdbc.InternalDriver.connect(Unknown Source)
	at org.apache.derby.jdbc.AutoloadedDriver.connect(Unknown Source)
	at java.sql/java.sql.DriverManager.getConnection(DriverManager.java:677)
	at java.sql/java.sql.DriverManager.getConnection(DriverManager.java:189)
	at org.apache.derby.impl.tools.ij.ij.dynamicConnection(Unknown Source)
	at org.apache.derby.impl.tools.ij.ij.ConnectStatement(Unknown Source)
	at org.apache.derby.impl.tools.ij.ij.ijStatement(Unknown Source)
	at org.apache.derby.impl.tools.ij.utilMain.runScriptGuts(Unknown Source)
	at org.apache.derby.impl.tools.ij.utilMain.go(Unknown Source)
	at org.apache.derby.impl.tools.ij.Main.go(Unknown Source)
	at org.apache.derby.impl.tools.ij.Main.mainCore(Unknown Source)
	at org.apache.derby.impl.tools.ij.Main.main(Unknown Source)
	at org.apache.derby.tools.ij.main(Unknown Source)
Caused by: ERROR XJ004: No se ha encontrado la base de datos 'ejemplo'.
	at org.apache.derby.iapi.error.StandardException.newException(Unknown Source)
	at org.apache.derby.impl.jdbc.SQLExceptionFactory.wrapArgsForTransportAcrossDRDA(Unknown Source)
	... 25 more
============= begin nested exception, level (1) ===========
ERROR XJ004: No se ha encontrado la base de datos 'ejemplo'.
	at org.apache.derby.iapi.error.StandardException.newException(Unknown Source)
	at org.apache.derby.impl.jdbc.SQLExceptionFactory.wrapArgsForTransportAcrossDRDA(Unknown Source)
	at org.apache.derby.impl.jdbc.SQLExceptionFactory.getSQLException(Unknown Source)
	at org.apache.derby.impl.jdbc.SQLExceptionFactory.getSQLException(Unknown Source)
	at org.apache.derby.impl.jdbc.Util.generateCsSQLException(Unknown Source)
	at org.apache.derby.impl.jdbc.Util.generateCsSQLException(Unknown Source)
	at org.apache.derby.impl.jdbc.EmbedConnection.newSQLException(Unknown Source)
	at org.apache.derby.impl.jdbc.EmbedConnection.handleDBNotFound(Unknown Source)
	at org.apache.derby.impl.jdbc.EmbedConnection.<init>(Unknown Source)
	at org.apache.derby.jdbc.InternalDriver$1.run(Unknown Source)
	at org.apache.derby.jdbc.InternalDriver$1.run(Unknown Source)
	at java.base/java.security.AccessController.doPrivileged(AccessController.java:554)
	at org.apache.derby.jdbc.InternalDriver.getNewEmbedConnection(Unknown Source)
	at org.apache.derby.jdbc.InternalDriver.connect(Unknown Source)
	at org.apache.derby.jdbc.InternalDriver.connect(Unknown Source)
	at org.apache.derby.jdbc.AutoloadedDriver.connect(Unknown Source)
	at java.sql/java.sql.DriverManager.getConnection(DriverManager.java:677)
	at java.sql/java.sql.DriverManager.getConnection(DriverManager.java:189)
	at org.apache.derby.impl.tools.ij.ij.dynamicConnection(Unknown Source)
	at org.apache.derby.impl.tools.ij.ij.ConnectStatement(Unknown Source)
	at org.apache.derby.impl.tools.ij.ij.ijStatement(Unknown Source)
	at org.apache.derby.impl.tools.ij.utilMain.runScriptGuts(Unknown Source)
	at org.apache.derby.impl.tools.ij.utilMain.go(Unknown Source)
	at org.apache.derby.impl.tools.ij.Main.go(Unknown Source)
	at org.apache.derby.impl.tools.ij.Main.mainCore(Unknown Source)
	at org.apache.derby.impl.tools.ij.Main.main(Unknown Source)
	at org.apache.derby.tools.ij.main(Unknown Source)
============= end nested exception, level (1) ===========
Cleanup action completed
----------------------------------------------------------------
Sun Oct 10 18:16:28 CEST 2021:
 Iniciando instancia a816c00e-017c-6afd-1693-00000eeb89f0 de Derby, versión The Apache Software Foundation - Apache Derby - 10.14.2.0 - (???): 
en el directorio de base de datos /home/pakels/DAM/2/AD/bases/derby/ejemplo con el cargador de clases jdk.internal.loader.ClassLoaders$AppClassLoader@5bc2b487
Cargado desde file:/usr/share/java/derby.jar
java.vendor=Private Build
java.runtime.version=14.0.2+12-Ubuntu-120.04
user.dir=/home/pakels/DAM/2/AD/bases/derby
os.name=Linux
os.arch=amd64
os.version=5.4.0-88-generic
derby.system.home=null
Cargador de clases de base de datos iniciado - derby.database.classpath=''
----------------------------------------------------------------
Sun Oct 10 18:16:43 CEST 2021: cerrando motor de Derby
----------------------------------------------------------------
Sun Oct 10 18:16:43 CEST 2021:
Cerrando la instancia a816c00e-017c-6afd-1693-00000eeb89f0 en el directorio de base de datos /home/pakels/DAM/2/AD/bases/derby/ejemplo con cargador de clases jdk.internal.loader.ClassLoaders$AppClassLoader@5bc2b487
----------------------------------------------------------------
